<testsuites tests="1" failures="1">
<testsuite name="dma_basic_dram_to_spm-RISCV-x86_64-opt" tests="1" failures="1">
<testcase name="dma_basic_dram_to_spm-RISCV-x86_64-opt" classname="TestUID:tests/gem5/npu/dma/test_dma.py:dma_basic_dram_to_spm-RISCV-x86_64-opt:dma_basic_dram_to_spm-RISCV-x86_64-opt" status="Passed" time="743.776652">
<system-err></system-err>
<system-out></system-out>
</testcase>
<testcase name="dma_basic_dram_to_spm-RISCV-x86_64-opt-MatchRegex" classname="TestUID:tests/gem5/npu/dma/test_dma.py:dma_basic_dram_to_spm-RISCV-x86_64-opt:dma_basic_dram_to_spm-RISCV-x86_64-opt-MatchRegex" status="Failed" time="0">
<system-err></system-err>
<system-out></system-out>
<failure message="Test failed">
<cause>
Traceback (most recent call last):
  File "/home/wangyukun/workspace/gem5/tests/../ext/testlib/runner.py", line 152, in test
    test_params.test.test(test_params)
  File "/home/wangyukun/workspace/gem5/tests/../ext/testlib/wrappers.py", line 163, in test
    self.obj.test(*args, **kwargs)
  File "/home/wangyukun/workspace/gem5/tests/../ext/testlib/test_util.py", line 73, in test
    self.test_function(*args, **kwargs)
  File "/home/wangyukun/workspace/gem5/tests/gem5/verifier.py", line 63, in _test
    self.test(*args, **kwargs)
  File "/home/wangyukun/workspace/gem5/tests/gem5/verifier.py", line 247, in test
    test_util.fail("Could not match regex.")
    ^^^^^^^^^^^^^^
AttributeError: module 'testlib.test_util' has no attribute 'fail'

</cause>
</failure>
</testcase>
</testsuite>
</testsuites>